13:07:48.011 [main] INFO  pageObjects.LandingPage - home loan tab clicked
13:07:48.212 [main] INFO  pageObjects.LandingPage - Loan Ammount setting done
13:07:48.311 [main] INFO  pageObjects.LandingPage - Loan Interest setting done
13:07:48.621 [main] INFO  pageObjects.LandingPage - Loan Tenure setting done
13:07:51.673 [main] INFO  pageObjects.LandingPage - Emi Ammount got successfully 
13:07:51.673 [main] INFO  pageObjects.BasePage - validation Checking Passed
13:07:51.673 [main] INFO  pageObjects.BasePage - *** Finishing TC_002_HomeLoanDDT :homeLoanTest ***
13:07:51.861 [main] INFO  pageObjects.BasePage - *** Starting TC_006_LoanCalculatorYearMonthTentureValidationTest :isNavigatedToLoanCalculator ***
13:07:51.945 [main] INFO  pageObjects.LandingPage - MenuItem Calculator clicked
13:07:53.492 [main] INFO  pageObjects.LandingPage - Loan Calculator clicked
13:07:58.509 [main] INFO  pageObjects.BasePage - Page title mismatched
13:07:58.880 [main] INFO  pageObjects.BasePage - *** Starting TC_006_LoanCalculatorYearMonthTentureValidationTest :yearMonthBtnTesting ***
13:08:01.126 [main] INFO  pageObjects.LoanCalculatorPage - Loan Tenure Input setted successfully
13:08:03.201 [main] INFO  pageObjects.BasePage - Month to Year Value Changing is correct
13:08:03.340 [main] INFO  pageObjects.BasePage - *** Starting TC_006_LoanCalculatorYearMonthTentureValidationTest :yearMonthBtnTesting ***
13:08:05.549 [main] INFO  pageObjects.LoanCalculatorPage - Loan Tenure Input setted successfully
13:08:07.601 [main] INFO  pageObjects.BasePage - Month to Year Value Changing is correct
13:08:07.965 [main] INFO  pageObjects.BasePage - *** Starting TC_003_LoanCalculatorDDT :LoanCalculatorTest ***
13:08:08.074 [main] INFO  pageObjects.LandingPage - MenuItem Calculator clicked
13:08:09.287 [main] INFO  pageObjects.LandingPage - Loan Calculator clicked
13:08:14.517 [main] INFO  pageObjects.LoanCalculatorPage - Loan Ammount Input setted successfully
13:08:15.852 [main] INFO  pageObjects.LoanCalculatorPage - Loan Interest Input setted successfully
13:08:17.190 [main] INFO  pageObjects.LoanCalculatorPage - Loan Tenure Input setted successfully
13:08:18.486 [main] INFO  pageObjects.LoanCalculatorPage - Fees Input setted successfully
13:08:23.975 [main] INFO  pageObjects.BasePage - validation Checked Successfully
13:08:28.325 [main] INFO  pageObjects.LoanCalculatorPage - Year table expand
13:09:16.041 [main] INFO  pageObjects.BasePage - *** Finishing TC_003_LoanCalculatorDDT :LoanCalculatorTest ***
13:09:16.546 [main] INFO  pageObjects.BasePage - *** Starting TC_003_LoanCalculatorDDT : LoanAmountCalculatorTest ***
13:09:18.071 [main] INFO  pageObjects.LoanCalculatorPage - Loan EMI Input setted successfully
13:09:19.540 [main] INFO  pageObjects.LoanCalculatorPage - Loan Interest Input setted successfully
13:09:21.009 [main] INFO  pageObjects.LoanCalculatorPage - Loan Tenure Input setted successfully
13:09:22.391 [main] INFO  pageObjects.LoanCalculatorPage - Fees Input setted successfully
13:09:27.695 [main] INFO  pageObjects.BasePage - validation Checked Successfully
13:09:31.052 [main] INFO  pageObjects.LoanCalculatorPage - Year table expand
13:09:59.253 [main] INFO  pageObjects.BasePage - *** Finishing TC_003_LoanCalculatorDDT :LoanAmountCalculatorTest ***
13:09:59.574 [main] INFO  pageObjects.BasePage - *** Starting TC_003_LoanCalculatorDDT : LoanTentureCalculatorTest ***
13:10:00.989 [main] INFO  pageObjects.LoanCalculatorPage - Loan Ammount Input setted successfully
13:10:02.334 [main] INFO  pageObjects.LoanCalculatorPage - Loan EMI Input setted successfully
13:10:03.601 [main] INFO  pageObjects.LoanCalculatorPage - Loan Interest Input setted successfully
13:10:04.937 [main] INFO  pageObjects.LoanCalculatorPage - Fees Input setted successfully
13:10:10.173 [main] INFO  pageObjects.BasePage - validation Checked Successfully
13:10:12.344 [main] INFO  pageObjects.LoanCalculatorPage - Year table expand
13:10:38.608 [main] INFO  pageObjects.BasePage - *** Finishing TC_003_LoanCalculatorDDT :LoanTentureCalculatorTest ***
13:10:38.827 [main] INFO  pageObjects.BasePage - *** Starting TC_007_LoanCalculatorShareButtonTest :isShareBtnWorking ***
13:10:41.006 [main] INFO  pageObjects.BasePage - Yes Working
