12:53:43.673 [main] INFO  pageObjects.LoanCalculatorPage - Loan Interest Input setted successfully
12:53:44.944 [main] INFO  pageObjects.LoanCalculatorPage - Loan Tenure Input setted successfully
12:53:46.362 [main] INFO  pageObjects.LoanCalculatorPage - Fees Input setted successfully
12:53:51.616 [main] INFO  pageObjects.BasePage - validation Checked Successfully
12:53:54.831 [main] INFO  pageObjects.LoanCalculatorPage - Year table expand
12:54:12.188 [main] INFO  pageObjects.BasePage - *** Finishing TC_003_LoanCalculatorDDT :LoanAmountCalculatorTest ***
12:54:12.427 [main] INFO  pageObjects.BasePage - *** Starting TC_003_LoanCalculatorDDT : LoanTentureCalculatorTest ***
12:54:13.677 [main] INFO  pageObjects.LoanCalculatorPage - Loan Ammount Input setted successfully
12:54:14.951 [main] INFO  pageObjects.LoanCalculatorPage - Loan EMI Input setted successfully
12:54:16.185 [main] INFO  pageObjects.LoanCalculatorPage - Loan Interest Input setted successfully
12:54:17.408 [main] INFO  pageObjects.LoanCalculatorPage - Fees Input setted successfully
12:54:22.635 [main] INFO  pageObjects.BasePage - validation Checked Successfully
12:54:24.812 [main] INFO  pageObjects.LoanCalculatorPage - Year table expand
12:54:39.849 [main] INFO  pageObjects.BasePage - *** Finishing TC_003_LoanCalculatorDDT :LoanTentureCalculatorTest ***
12:54:39.993 [main] INFO  pageObjects.BasePage - *** Starting TC_007_LoanCalculatorShareButtonTest :isShareBtnWorking ***
12:54:42.135 [main] INFO  pageObjects.BasePage - Yes Working
13:06:46.917 [main] INFO  pageObjects.BasePage - *** Starting TC_004_ValidLandingPageTitleTest :validLandingPage ***
13:06:46.962 [main] INFO  pageObjects.BasePage - Page title matched
13:06:47.207 [main] INFO  pageObjects.BasePage - *** Starting TC_005_CarLoanTabClickableTest :isCarLoanTabClickable ***
13:06:47.326 [main] INFO  pageObjects.LandingPage - car loan tab clicked
13:06:47.327 [main] INFO  pageObjects.BasePage - Car Loan Tab is Clickable
13:06:48.945 [main] INFO  pageObjects.BasePage - *** Starting TC_001_CarLoanTest :carLoanTest ***
13:06:49.000 [main] INFO  pageObjects.LandingPage - car loan tab clicked
13:06:49.227 [main] INFO  pageObjects.LandingPage - Loan Ammount setting done
13:06:49.360 [main] INFO  pageObjects.LandingPage - Loan Interest setting done
13:06:49.659 [main] INFO  pageObjects.LandingPage - Loan Tenure setting done
13:06:52.743 [main] INFO  pageObjects.LandingPage - Emi Ammount got successfully 
13:06:52.775 [main] INFO  pageObjects.LandingPage - Total Interest Value got successfully
13:06:52.807 [main] INFO  pageObjects.LandingPage - Total Payment Value got successfully
13:06:52.807 [main] INFO  pageObjects.BasePage - validation Checked Successfully
13:06:59.858 [main] INFO  pageObjects.LandingPage -  Yearly Data From Table extracted successfully
13:07:02.121 [main] INFO  pageObjects.LandingPage - Year Table Expanded
13:07:13.986 [main] INFO  pageObjects.LandingPage - Monthly Data From Table extracted successfully
13:07:16.997 [main] INFO  pageObjects.BasePage - *** Finishing TC_001_CarLoanTest :carLoanTest ***
13:07:17.702 [main] INFO  pageObjects.BasePage - *** Starting TC_002_HomeLoanDDT :homeLoanTest ***
13:07:17.937 [main] INFO  pageObjects.LandingPage - home loan tab clicked
13:07:18.265 [main] INFO  pageObjects.LandingPage - Loan Ammount setting done
13:07:18.422 [main] INFO  pageObjects.LandingPage - Loan Interest setting done
13:07:18.983 [main] INFO  pageObjects.LandingPage - Loan Tenure setting done
13:07:22.103 [main] INFO  pageObjects.LandingPage - Emi Ammount got successfully 
13:07:22.151 [main] INFO  pageObjects.LandingPage - Total Interest Value got successfully
13:07:22.193 [main] INFO  pageObjects.LandingPage - Total Payment Value got successfully
13:07:22.193 [main] INFO  pageObjects.BasePage - validation Checked Successfully
13:07:26.678 [main] INFO  pageObjects.LandingPage -  Yearly Data From Table extracted successfully
13:07:28.903 [main] INFO  pageObjects.LandingPage - Year Table Expanded
13:07:40.800 [main] INFO  pageObjects.LandingPage - Monthly Data From Table extracted successfully
13:07:43.812 [main] INFO  pageObjects.BasePage - *** Finishing TC_002_HomeLoanDDT :homeLoanTest ***
13:07:43.995 [main] INFO  pageObjects.BasePage - *** Starting TC_002_HomeLoanDDT :homeLoanTest ***
13:07:44.090 [main] INFO  pageObjects.LandingPage - home loan tab clicked
13:07:44.315 [main] INFO  pageObjects.LandingPage - Loan Ammount setting done
13:07:44.425 [main] INFO  pageObjects.LandingPage - Loan Interest setting done
13:07:44.694 [main] INFO  pageObjects.LandingPage - Loan Tenure setting done
13:07:47.746 [main] INFO  pageObjects.LandingPage - Emi Ammount got successfully 
13:07:47.746 [main] INFO  pageObjects.BasePage - validation Checking Passed
13:07:47.746 [main] INFO  pageObjects.BasePage - *** Finishing TC_002_HomeLoanDDT :homeLoanTest ***
13:07:47.956 [main] INFO  pageObjects.BasePage - *** Starting TC_002_HomeLoanDDT :homeLoanTest ***
